<?xml version="1.0" encoding="UTF-8"?>
<!-- Generated by org.testng.reporters.JUnitReportReporter -->
<testsuite skipped="0" hostname="PODIUM3.local" name="com_Api.start_api" tests="6" failures="0" timestamp="2020-01-23T12:52:42 IST" time="54.337" errors="0">
  <testcase name="films" time="9.898" classname="com_Api.start_api"/>
  <testcase name="Showtimes" time="14.543" classname="com_Api.start_api"/>
  <testcase name="Session_id" time="6.848" classname="com_Api.start_api"/>
  <testcase name="seat_plan" time="8.195" classname="com_Api.start_api"/>
  <testcase name="create_order" time="11.100" classname="com_Api.start_api"/>
  <testcase name="cancel_order" time="3.753" classname="com_Api.start_api"/>
</testsuite> <!-- com_Api.start_api -->
