<?xml version="1.0" encoding="UTF-8"?>
<!-- Generated by org.testng.reporters.JUnitReportReporter -->
<testsuite skipped="0" hostname="PODIUM3.local" name="com_Api.start_api" tests="6" failures="0" timestamp="2021-05-07T14:13:17 IST" time="83.177" errors="0">
  <testcase name="Session_id" time="41.821" classname="com_Api.start_api"/>
  <testcase name="seat_plan" time="14.526" classname="com_Api.start_api"/>
  <testcase name="create_order" time="13.385" classname="com_Api.start_api"/>
  <testcase name="payment_types" time="3.312" classname="com_Api.start_api"/>
  <testcase name="Initiate_payment" time="6.701" classname="com_Api.start_api"/>
  <testcase name="cancel_order" time="3.432" classname="com_Api.start_api"/>
</testsuite> <!-- com_Api.start_api -->
