<?xml version="1.0" encoding="UTF-8"?>
<!-- Generated by org.testng.reporters.JUnitReportReporter -->
<testsuite skipped="0" hostname="PODIUM3.local" name="com_Api.Start_Booking_Flow" tests="6" failures="0" timestamp="2021-05-07T15:33:37 IST" time="75.839" errors="0">
  <testcase name="Session_id" time="30.171" classname="com_Api.Start_Booking_Flow"/>
  <testcase name="seat_plan" time="13.081" classname="com_Api.Start_Booking_Flow"/>
  <testcase name="create_order" time="13.287" classname="com_Api.Start_Booking_Flow"/>
  <testcase name="payment_types" time="6.121" classname="com_Api.Start_Booking_Flow"/>
  <testcase name="Initiate_payment" time="8.359" classname="com_Api.Start_Booking_Flow"/>
  <testcase name="cancel_order" time="4.820" classname="com_Api.Start_Booking_Flow"/>
</testsuite> <!-- com_Api.Start_Booking_Flow -->
